<?xml version="1.0" encoding="UTF-8"?>
<testsuite xmlns:xsi="http://www.w3.org/2001/XMLSchema-instance" xsi:noNamespaceSchemaLocation="https://maven.apache.org/surefire/maven-surefire-plugin/xsd/surefire-test-report.xsd" version="3.0.2" name="com.unicore.UniCoreApplicationTests" time="17.234" tests="38" errors="0" skipped="0" failures="0">
  <properties>
[...]
</properties>
  <testcase name="test1_DepartmentRepositoryAndSeedingVerification" classname="com.unicore.UniCoreApplicationTests" time="0.516">
    <system-out><![CDATA[10:06:59.973 [main] INFO org.springframework.test.context.support.AnnotationConfigContextLoaderUtils -- Could not detect default configuration classes for test class [com.unicore.UniCoreApplicationTests]: UniCoreApplicationTests does not declare any static, non-private, non-final, nested classes annotated with @Configuration.
10:07:00.207 [main] INFO org.springframework.boot.test.context.SpringBootTestContextBootstrapper -- Found @SpringBootConfiguration com.unicore.UniCoreApplication for test class com.unicore.UniCoreApplicationTests

  .   ____          _            __ _ _
 /\\ / ___'_ __ _ _(_)_ __  __ _ \ \ \ \
( ( )\___ | '_ | '_| | '_ \/ _` | \ \ \ \
 \\/  ___)| |_)| | | | | || (_| |  ) ) ) )
  '  |____| .__|_| |_|_| |_\__, | / / / /
 =========|_|==============|___/=/_/_/_/

 :: Spring Boot ::                (v3.4.3)

2026-09-15T10:07:00.903+05:30  INFO 7108 --- [           main] com.unicore.UniCoreApplicationTests      : Starting UniCoreApplicationTests using Java 25.0.2 with PID 7108 (started by SANDHYA in C:\Users\SANJAI KARTHIKEYAN S\Desktop\UniCore\backend)
2026-09-15T10:07:00.907+05:30  INFO 7108 --- [           main] com.unicore.UniCoreApplicationTests      : No active profile set, falling back to 1 default profile: "default"
2026-09-15T10:07:02.252+05:30  INFO 7108 --- [           main] .s.d.r.c.RepositoryConfigurationDelegate : Bootstrapping Spring Data JPA repositories in DEFAULT mode.
2026-09-15T10:07:02.375+05:30  INFO 7108 --- [           main] .s.d.r.c.RepositoryConfigurationDelegate : Finished Spring Data repository scanning in 110 ms. Found 12 JPA repository interfaces.
2026-09-15T10:07:03.669+05:30  INFO 7108 --- [           main] o.hibernate.jpa.internal.util.LogHelper  : HHH000204: Processing PersistenceUnitInfo [name: default]
2026-09-15T10:07:03.864+05:30  INFO 7108 --- [           main] org.hibernate.Version                    : HHH000412: Hibernate ORM core version 6.6.8.Final
2026-09-15T10:07:03.956+05:30  INFO 7108 --- [           main] o.h.c.internal.RegionFactoryInitiator    : HHH000026: Second-level cache disabled
2026-09-15T10:07:04.507+05:30  INFO 7108 --- [           main] o.s.o.j.p.SpringPersistenceUnitInfo      : No LoadTimeWeaver setup: ignoring JPA class transformer
2026-09-15T10:07:04.573+05:30  INFO 7108 --- [           main] com.zaxxer.hikari.HikariDataSource       : HikariPool-1 - Starting...
2026-09-15T10:07:05.021+05:30  INFO 7108 --- [           main] com.zaxxer.hikari.pool.HikariPool        : HikariPool-1 - Added connection conn0: url=jdbc:h2:mem:unicore_test_db user=SA
2026-09-15T10:07:05.026+05:30  INFO 7108 --- [           main] com.zaxxer.hikari.HikariDataSource       : HikariPool-1 - Start completed.
2026-09-15T10:07:05.079+05:30  WARN 7108 --- [           main] org.hibernate.orm.deprecation            : HHH90000025: H2Dialect does not need to be specified explicitly using 'hibernate.dialect' (remove the property setting and it will be selected by default)
2026-09-15T10:07:05.122+05:30  INFO 7108 --- [           main] org.hibernate.orm.connections.pooling    : HHH10001005: Database info:
	Database JDBC URL [Connecting through datasource 'HikariDataSource (HikariPool-1)']
	Database driver: undefined/unknown
	Database version: 2.3.232
	Autocommit mode: undefined/unknown
	Isolation level: undefined/unknown
	Minimum pool size: undefined/unknown
	Maximum pool size: undefined/unknown
2026-09-15T10:07:06.694+05:30  INFO 7108 --- [           main] o.h.e.t.j.p.i.JtaPlatformInitiator       : HHH000489: No JTA platform available (set 'hibernate.transaction.jta.platform' to enable JTA platform integration)
2026-09-15T10:07:06.793+05:30  INFO 7108 --- [           main] j.LocalContainerEntityManagerFactoryBean : Initialized JPA EntityManagerFactory for persistence unit 'default'
2026-09-15T10:07:07.728+05:30  INFO 7108 --- [           main] r$InitializeUserDetailsManagerConfigurer : Global AuthenticationManager configured with UserDetailsService bean with name customUserDetailsService
2026-09-15T10:07:08.101+05:30  INFO 7108 --- [           main] o.s.d.j.r.query.QueryEnhancerFactory     : Hibernate is in classpath; If applicable, HQL parser will be used.
2026-09-15T10:07:09.016+05:30  WARN 7108 --- [           main] JpaBaseConfiguration$JpaWebConfiguration : spring.jpa.open-in-view is enabled by default. Therefore, database queries may be performed during view rendering. Explicitly configure spring.jpa.open-in-view to disable this warning
2026-09-15T10:07:10.030+05:30  INFO 7108 --- [           main] o.s.b.t.m.w.SpringBootMockServletContext : Initializing Spring TestDispatcherServlet ''
2026-09-15T10:07:10.031+05:30  INFO 7108 --- [           main] o.s.t.web.servlet.TestDispatcherServlet  : Initializing Servlet ''
2026-09-15T10:07:10.033+05:30  INFO 7108 --- [           main] o.s.t.web.servlet.TestDispatcherServlet  : Completed initialization in 2 ms
2026-09-15T10:07:10.074+05:30  INFO 7108 --- [           main] com.unicore.UniCoreApplicationTests      : Started UniCoreApplicationTests in 9.662 seconds (process running for 11.178)
]]></system-out>
    <system-err><![CDATA[Mockito is currently self-attaching to enable the inline-mock-maker. This will no longer work in future releases of the JDK. Please add Mockito as an agent to your build what is described in Mockito's documentation: https://javadoc.io/doc/org.mockito/mockito-core/latest/org/mockito/Mockito.html#0.3
WARNING: A Java agent has been loaded dynamically (C:\Users\SANJAI KARTHIKEYAN S\.m2\repository\net\bytebuddy\byte-buddy-agent\1.15.11\byte-buddy-agent-1.15.11.jar)
WARNING: If a serviceability tool is in use, please run with -XX:+EnableDynamicAgentLoading to hide this warning
WARNING: If a serviceability tool is not in use, please run with -Djdk.instrument.traceUsage for more information
WARNING: Dynamic loading of agents will be disallowed by default in a future release
]]></system-err>
  </testcase>
  <testcase name="test2_ValidStudentRegistration_Succeeds" classname="com.unicore.UniCoreApplicationTests" time="0.913"/>
  <testcase name="test3_InvalidStudentId_Rejected" classname="com.unicore.UniCoreApplicationTests" time="0.025"/>
  <testcase name="test4_StudentEmailMismatch_Rejected" classname="com.unicore.UniCoreApplicationTests" time="0.012"/>
  <testcase name="test5_DuplicateStudentRegistration_Rejected" classname="com.unicore.UniCoreApplicationTests" time="0.014"/>
  <testcase name="test6_ValidFacultyRegistration_Succeeds" classname="com.unicore.UniCoreApplicationTests" time="0.226"/>
  <testcase name="test7_InvalidFacultyId_Rejected" classname="com.unicore.UniCoreApplicationTests" time="0.012"/>
  <testcase name="test8_FacultyEmailMismatch_Rejected" classname="com.unicore.UniCoreApplicationTests" time="0.012"/>
  <testcase name="test9_DuplicateFacultyRegistration_Rejected" classname="com.unicore.UniCoreApplicationTests" time="0.011"/>
  <testcase name="test10_FrontendCannotOverrideDepartmentOrRole" classname="com.unicore.UniCoreApplicationTests" time="0.244"/>
  <testcase name="test11_SemesterCorrectlyDeterminesYear" classname="com.unicore.UniCoreApplicationTests" time="0.584"/>
  <testcase name="test12_InactiveAccount_Rejected" classname="com.unicore.UniCoreApplicationTests" time="0.011"/>
  <testcase name="test13_LoginFlow" classname="com.unicore.UniCoreApplicationTests" time="0.215"/>
  <testcase name="test14_RoleBasedAuthorization_AdminEndpoints" classname="com.unicore.UniCoreApplicationTests" time="0.281"/>
  <testcase name="test15_FacultyDepartmentIsolation_Enforced" classname="com.unicore.UniCoreApplicationTests" time="0.161"/>
  <testcase name="test16_StudentAccountIsolation_Enforced" classname="com.unicore.UniCoreApplicationTests" time="0.119"/>
  <testcase name="test17_DemoStudentsAndFacultyPerDepartment" classname="com.unicore.UniCoreApplicationTests" time="0.052"/>
  <testcase name="test18_AdminCanConfigureDepartments" classname="com.unicore.UniCoreApplicationTests" time="0.188"/>
  <testcase name="test19_InactiveDepartmentBlocksRegistration" classname="com.unicore.UniCoreApplicationTests" time="0.165"/>
  <testcase name="test20_AdminAddApprovedStudentAndFaculty" classname="com.unicore.UniCoreApplicationTests" time="0.482"/>
  <testcase name="test21_AdminToggleRosterStatus" classname="com.unicore.UniCoreApplicationTests" time="0.149"/>
  <testcase name="test22_CourseSeeding_VerifiesCoursesExist" classname="com.unicore.UniCoreApplicationTests" time="0.01"/>
  <testcase name="test23_StudentDashboard_ReturnsValidStructure" classname="com.unicore.UniCoreApplicationTests" time="0.115"/>
  <testcase name="test24_StudentAttendance_ReturnsPerCourseSummary" classname="com.unicore.UniCoreApplicationTests" time="0.118"/>
  <testcase name="test25_StudentAcademicPerformance_CurrentSemester" classname="com.unicore.UniCoreApplicationTests" time="0.088"/>
  <testcase name="test26_StudentResults_AllSemesters" classname="com.unicore.UniCoreApplicationTests" time="0.103"/>
  <testcase name="test27_StudentRiskStatus_PlaceholderStructure" classname="com.unicore.UniCoreApplicationTests" time="0.088"/>
  <testcase name="test28_StudentFees_ReturnsFeeRecords" classname="com.unicore.UniCoreApplicationTests" time="0.087"/>
  <testcase name="test29_StudentDocuments_ReturnsDocumentList" classname="com.unicore.UniCoreApplicationTests" time="0.082"/>
  <testcase name="test30_StudentNotifications_ReturnsActiveNotifications" classname="com.unicore.UniCoreApplicationTests" time="0.083"/>
  <testcase name="test31_NonStudentRole_CannotAccessStudentEndpoints" classname="com.unicore.UniCoreApplicationTests" time="0.079"/>
  <testcase name="test32_UnauthenticatedAccess_Returns401" classname="com.unicore.UniCoreApplicationTests" time="0.008"/>
  <testcase name="test33_FacultyAssignedCourses_ReturnsOnlyAssignedCourses" classname="com.unicore.UniCoreApplicationTests" time="0.092"/>
  <testcase name="test34_FacultyCourseRoster_ReturnsEnrolledStudents" classname="com.unicore.UniCoreApplicationTests" time="0.12"/>
  <testcase name="test35_FacultyCourseRoster_RejectsUnauthorizedAccess" classname="com.unicore.UniCoreApplicationTests" time="0.247"/>
  <testcase name="test36_FacultyAttendance_SubmitAndRetrieve" classname="com.unicore.UniCoreApplicationTests" time="0.211"/>
  <testcase name="test37_FacultyAttendance_CrossFacultyAccessRejected" classname="com.unicore.UniCoreApplicationTests" time="0.096"/>
  <testcase name="test38_FacultyAttendance_UpdatesAndValidation" classname="com.unicore.UniCoreApplicationTests" time="0.227"/>
</testsuite>